<?xml version="1.0" encoding="UTF-8"?>
<!-- Generated by org.testng.reporters.JUnitXMLReporter -->
<testsuite ignored="0" hostname="DESKTOP-N60QB27" failures="0" tests="6" name="Chrome Test" time="0.083" errors="0" timestamp="2022-12-09T23:35:22 IST">
  <testcase classname="base.TestBase" name="@BeforeSuite setUp" time="-1.670609122016E9">
    <failure type="org.testng.TestNGException" message="
Parameter &amp;apos;browser&amp;apos; is required by BeforeSuite on method setUp but has not been marked @Optional or defined
in C:\Users\valmiki\git\repository35\ParallelExecutionSeleniumPageObjectAdvanced\testng_pom_e2e_final.xml">
      <![CDATA[org.testng.TestNGException: 
Parameter 'browser' is required by BeforeSuite on method setUp but has not been marked @Optional or defined
in C:\Users\valmiki\git\repository35\ParallelExecutionSeleniumPageObjectAdvanced\testng_pom_e2e_final.xml
... Removed 16 stack frames]]>
    </failure>
  </testcase> <!-- @BeforeSuite setUp -->
  <testcase classname="tests.EndToEndTest" name="@BeforeClass classSetUp" time="-1.670609122064E9">
    <skipped/>
  </testcase> <!-- @BeforeClass classSetUp -->
  <testcase classname="tests.EndToEndTest" name="loginTest" time="0.0">
    <skipped/>
  </testcase> <!-- loginTest -->
  <testcase classname="tests.EndToEndTest" name="loginTest" time="0.0">
    <skipped/>
  </testcase> <!-- loginTest -->
  <testcase classname="tests.EndToEndTest" name="loginTest" time="0.0">
    <skipped/>
  </testcase> <!-- loginTest -->
  <testcase classname="tests.EndToEndTest" name="selectProductAndCheckOutTest" time="0.0">
    <skipped/>
  </testcase> <!-- selectProductAndCheckOutTest -->
  <testcase classname="tests.EndToEndTest" name="selectProductAndCheckOutTest" time="0.0">
    <skipped/>
  </testcase> <!-- selectProductAndCheckOutTest -->
  <testcase classname="tests.EndToEndTest" name="selectProductAndCheckOutTest" time="0.0">
    <skipped/>
  </testcase> <!-- selectProductAndCheckOutTest -->
</testsuite> <!-- Chrome Test -->
